{
  "stats": {
    "suites": 8,
    "tests": 4,
    "passes": 0,
    "pending": 0,
    "failures": 4,
    "start": "2025-06-24T10:53:47.396Z",
    "end": "2025-06-24T10:53:50.006Z",
    "duration": 2610,
    "testsRegistered": 4,
    "passPercent": 0,
    "pendingPercent": 0,
    "other": 0,
    "hasOther": false,
    "skipped": 0,
    "hasSkipped": false
  },
  "results": [
    {
      "uuid": "60bdb2f4-4bb7-4fc9-954a-6d903dfbf53e",
      "title": "",
      "fullFile": "cypress\\e2e\\test_crud.cy.js",
      "file": "cypress\\e2e\\test_crud.cy.js",
      "beforeHooks": [],
      "afterHooks": [],
      "tests": [],
      "suites": [
        {
          "uuid": "515b58f5-c8c4-4b90-9e90-64502103aa1b",
          "title": "Create a new user",
          "fullFile": "",
          "file": "",
          "beforeHooks": [],
          "afterHooks": [],
          "tests": [],
          "suites": [
            {
              "uuid": "7ed621ff-59e1-4a55-8cce-1bca1e62e5dd",
              "title": "POST /public/v2/users",
              "fullFile": "",
              "file": "",
              "beforeHooks": [],
              "afterHooks": [],
              "tests": [
                {
                  "title": "Test POST request",
                  "fullTitle": "Create a new user POST /public/v2/users Test POST request",
                  "timedOut": null,
                  "duration": 490,
                  "state": "failed",
                  "speed": null,
                  "pass": false,
                  "fail": true,
                  "pending": false,
                  "context": null,
                  "code": "cy.request({\n  method: \"POST\",\n  url: \"/public/v2/users\",\n  headers: {\n    authorization: \"Bearer \" + Cypress.env(\"ACCESS_TOKEN\") // Generate access token from https://gorest.co.in/consumer/login and add the same to cypress.env.json\n  },\n  body: {\n    name: userName,\n    gender: \"male\",\n    email: emailId,\n    status: \"active\"\n  }\n}).then(response => {\n  expect(response).to.have.property(\"status\").to.equal(201);\n  expect(response.body).to.have.property(\"id\").to.not.be.oneOf([null, \"\"]);\n  expect(response.body).to.have.property(\"name\").to.equal(userName);\n  expect(response.body).to.have.property(\"email\").to.equal(emailId);\n  userId = response.body.id;\n  cy.task(\"log\", \"Created a new user with id: \" + userId);\n});",
                  "err": {
                    "message": "CypressError: `cy.request()` failed on:\n\nhttps://gorest.co.in/public/v2/users\n\nThe response we received from your web server was:\n\n  > 401: Unauthorized\n\nThis was considered a failure because the status code was not `2xx` or `3xx`.\n\nIf you do not want status codes to cause failures pass the option: `failOnStatusCode: false`\n\n-----------------------------------------------------------\n\nThe request we sent was:\n\nMethod: POST\nURL: https://gorest.co.in/public/v2/users\nHeaders: {\n  \"Connection\": \"keep-alive\",\n  \"authorization\": \"Bearer \",\n  \"user-agent\": \"Mozilla/5.0 (Windows NT 10.0; Win64; x64) AppleWebKit/537.36 (KHTML, like Gecko) Cypress/14.4.1 Chrome/130.0.6723.137 Electron/33.2.1 Safari/537.36\",\n  \"accept\": \"*/*\",\n  \"accept-encoding\": \"gzip, deflate\",\n  \"content-type\": \"application/json\",\n  \"content-length\": 89\n}\nBody: {\"name\":\"s99wf9xtqii\",\"gender\":\"male\",\"email\":\"s99wf9xtqii@domain.com\",\"status\":\"active\"}\n\n-----------------------------------------------------------\n\nThe response we got was:\n\nStatus: 401 - Unauthorized\nHeaders: {\n  \"date\": \"Tue, 24 Jun 2025 10:53:45 GMT\",\n  \"content-type\": \"application/json; charset=utf-8\",\n  \"content-length\": \"35\",\n  \"connection\": \"keep-alive\",\n  \"cache-control\": \"no-cache\",\n  \"feature-policy\": \"camera 'none'; gyroscope 'none'; microphone 'none'; usb 'none'; fullscreen 'self'\",\n  \"referrer-policy\": \"strict-origin-when-cross-origin\",\n  \"vary\": \"Origin\",\n  \"x-content-type-options\": \"nosniff\",\n  \"x-download-options\": \"noopen\",\n  \"x-frame-options\": \"SAMEORIGIN\",\n  \"x-permitted-cross-domain-policies\": \"none\",\n  \"x-request-id\": \"0de7cfd0-651e-4185-a96c-4fe1512f23d4\",\n  \"x-runtime\": \"0.016272\",\n  \"x-xss-protection\": \"0\",\n  \"cf-cache-status\": \"DYNAMIC\",\n  \"nel\": \"{\\\"report_to\\\":\\\"cf-nel\\\",\\\"success_fraction\\\":0.0,\\\"max_age\\\":604800}\",\n  \"report-to\": \"{\\\"group\\\":\\\"cf-nel\\\",\\\"max_age\\\":604800,\\\"endpoints\\\":[{\\\"url\\\":\\\"https://a.nel.cloudflare.com/report/v4?s=uy0%2BZzMrvx2KXEeo2wn4ufzzX0QcFQG7KC4OHH0NMRYc3Wt93lAS9lYqOpj2d8M2cJ28i9gYVahaIK8%2BNt5NoLfCm2s%2BtKt0klcSPA%3D%3D\\\"}]}\",\n  \"server\": \"cloudflare\",\n  \"cf-ray\": \"954baee69c124b73-ADD\",\n  \"alt-svc\": \"h3=\\\":443\\\"; ma=86400\"\n}\nBody: {\n  \"message\": \"Authentication failed\"\n}\n\n\nhttps://on.cypress.io/request",
                    "estack": "CypressError: `cy.request()` failed on:\n\nhttps://gorest.co.in/public/v2/users\n\nThe response we received from your web server was:\n\n  > 401: Unauthorized\n\nThis was considered a failure because the status code was not `2xx` or `3xx`.\n\nIf you do not want status codes to cause failures pass the option: `failOnStatusCode: false`\n\n-----------------------------------------------------------\n\nThe request we sent was:\n\nMethod: POST\nURL: https://gorest.co.in/public/v2/users\nHeaders: {\n  \"Connection\": \"keep-alive\",\n  \"authorization\": \"Bearer \",\n  \"user-agent\": \"Mozilla/5.0 (Windows NT 10.0; Win64; x64) AppleWebKit/537.36 (KHTML, like Gecko) Cypress/14.4.1 Chrome/130.0.6723.137 Electron/33.2.1 Safari/537.36\",\n  \"accept\": \"*/*\",\n  \"accept-encoding\": \"gzip, deflate\",\n  \"content-type\": \"application/json\",\n  \"content-length\": 89\n}\nBody: {\"name\":\"s99wf9xtqii\",\"gender\":\"male\",\"email\":\"s99wf9xtqii@domain.com\",\"status\":\"active\"}\n\n-----------------------------------------------------------\n\nThe response we got was:\n\nStatus: 401 - Unauthorized\nHeaders: {\n  \"date\": \"Tue, 24 Jun 2025 10:53:45 GMT\",\n  \"content-type\": \"application/json; charset=utf-8\",\n  \"content-length\": \"35\",\n  \"connection\": \"keep-alive\",\n  \"cache-control\": \"no-cache\",\n  \"feature-policy\": \"camera 'none'; gyroscope 'none'; microphone 'none'; usb 'none'; fullscreen 'self'\",\n  \"referrer-policy\": \"strict-origin-when-cross-origin\",\n  \"vary\": \"Origin\",\n  \"x-content-type-options\": \"nosniff\",\n  \"x-download-options\": \"noopen\",\n  \"x-frame-options\": \"SAMEORIGIN\",\n  \"x-permitted-cross-domain-policies\": \"none\",\n  \"x-request-id\": \"0de7cfd0-651e-4185-a96c-4fe1512f23d4\",\n  \"x-runtime\": \"0.016272\",\n  \"x-xss-protection\": \"0\",\n  \"cf-cache-status\": \"DYNAMIC\",\n  \"nel\": \"{\\\"report_to\\\":\\\"cf-nel\\\",\\\"success_fraction\\\":0.0,\\\"max_age\\\":604800}\",\n  \"report-to\": \"{\\\"group\\\":\\\"cf-nel\\\",\\\"max_age\\\":604800,\\\"endpoints\\\":[{\\\"url\\\":\\\"https://a.nel.cloudflare.com/report/v4?s=uy0%2BZzMrvx2KXEeo2wn4ufzzX0QcFQG7KC4OHH0NMRYc3Wt93lAS9lYqOpj2d8M2cJ28i9gYVahaIK8%2BNt5NoLfCm2s%2BtKt0klcSPA%3D%3D\\\"}]}\",\n  \"server\": \"cloudflare\",\n  \"cf-ray\": \"954baee69c124b73-ADD\",\n  \"alt-svc\": \"h3=\\\":443\\\"; ma=86400\"\n}\nBody: {\n  \"message\": \"Authentication failed\"\n}\n\n\nhttps://on.cypress.io/request\n    at <unknown> (https://gorest.co.in/__cypress/runner/cypress_runner.js:136322:72)\n    at tryCatcher (https://gorest.co.in/__cypress/runner/cypress_runner.js:1777:23)\n    at Promise._settlePromiseFromHandler (https://gorest.co.in/__cypress/runner/cypress_runner.js:1489:31)\n    at Promise._settlePromise (https://gorest.co.in/__cypress/runner/cypress_runner.js:1546:18)\n    at Promise._settlePromise0 (https://gorest.co.in/__cypress/runner/cypress_runner.js:1591:10)\n    at Promise._settlePromises (https://gorest.co.in/__cypress/runner/cypress_runner.js:1671:18)\n    at _drainQueueStep (https://gorest.co.in/__cypress/runner/cypress_runner.js:2377:12)\n    at _drainQueue (https://gorest.co.in/__cypress/runner/cypress_runner.js:2370:9)\n    at Async._drainQueues (https://gorest.co.in/__cypress/runner/cypress_runner.js:2386:5)\n    at Async.drainQueues (https://gorest.co.in/__cypress/runner/cypress_runner.js:2256:14)\nFrom Your Spec Code:\n    at Context.eval (webpack://api-testing-cypress/./cypress/e2e/test_crud.cy.js:8:9)",
                    "diff": null
                  },
                  "uuid": "83061175-bb33-444c-89ba-845a1407aad5",
                  "parentUUID": "7ed621ff-59e1-4a55-8cce-1bca1e62e5dd",
                  "isHook": false,
                  "skipped": false
                }
              ],
              "suites": [],
              "passes": [],
              "failures": [
                "83061175-bb33-444c-89ba-845a1407aad5"
              ],
              "pending": [],
              "skipped": [],
              "duration": 490,
              "root": false,
              "rootEmpty": false,
              "_timeout": 2000
            }
          ],
          "passes": [],
          "failures": [],
          "pending": [],
          "skipped": [],
          "duration": 0,
          "root": false,
          "rootEmpty": false,
          "_timeout": 2000
        },
        {
          "uuid": "ca0a73cb-8779-4f65-8fed-d14defcbf961",
          "title": "Get user details",
          "fullFile": "",
          "file": "",
          "beforeHooks": [],
          "afterHooks": [],
          "tests": [],
          "suites": [
            {
              "uuid": "9805ba7b-a7fb-459f-9a30-f6e50e541288",
              "title": "GET /public/v2/users/${userId}",
              "fullFile": "",
              "file": "",
              "beforeHooks": [],
              "afterHooks": [],
              "tests": [
                {
                  "title": "Test GET request",
                  "fullTitle": "Get user details GET /public/v2/users/${userId} Test GET request",
                  "timedOut": null,
                  "duration": 478,
                  "state": "failed",
                  "speed": null,
                  "pass": false,
                  "fail": true,
                  "pending": false,
                  "context": null,
                  "code": "cy.request({\n  method: \"GET\",\n  url: `/public/v2/users/${userId}`,\n  headers: {\n    authorization: \"Bearer \" + Cypress.env(\"ACCESS_TOKEN\") // Generate access token from https://gorest.co.in/consumer/login and add the same to cypress.env.json\n  }\n}).then(response => {\n  expect(response).to.have.property(\"status\").to.equal(200);\n  expect(response.body).to.have.property(\"name\").to.equal(userName);\n  expect(response.body).to.have.property(\"email\").to.equal(emailId);\n  cy.task(\"log\", \"Retrieved user with id: \" + userId);\n});",
                  "err": {
                    "message": "CypressError: `cy.request()` failed on:\n\nhttps://gorest.co.in/public/v2/users/undefined\n\nThe response we received from your web server was:\n\n  > 404: Not Found\n\nThis was considered a failure because the status code was not `2xx` or `3xx`.\n\nIf you do not want status codes to cause failures pass the option: `failOnStatusCode: false`\n\n-----------------------------------------------------------\n\nThe request we sent was:\n\nMethod: GET\nURL: https://gorest.co.in/public/v2/users/undefined\nHeaders: {\n  \"Connection\": \"keep-alive\",\n  \"authorization\": \"Bearer \",\n  \"user-agent\": \"Mozilla/5.0 (Windows NT 10.0; Win64; x64) AppleWebKit/537.36 (KHTML, like Gecko) Cypress/14.4.1 Chrome/130.0.6723.137 Electron/33.2.1 Safari/537.36\",\n  \"accept\": \"*/*\",\n  \"accept-encoding\": \"gzip, deflate\"\n}\n\n-----------------------------------------------------------\n\nThe response we got was:\n\nStatus: 404 - Not Found\nHeaders: {\n  \"date\": \"Tue, 24 Jun 2025 10:53:46 GMT\",\n  \"content-type\": \"application/json; charset=utf-8\",\n  \"transfer-encoding\": \"chunked\",\n  \"connection\": \"keep-alive\",\n  \"cache-control\": \"no-cache\",\n  \"feature-policy\": \"camera 'none'; gyroscope 'none'; microphone 'none'; usb 'none'; fullscreen 'self'\",\n  \"referrer-policy\": \"strict-origin-when-cross-origin\",\n  \"vary\": \"Origin\",\n  \"x-content-type-options\": \"nosniff\",\n  \"x-download-options\": \"noopen\",\n  \"x-frame-options\": \"SAMEORIGIN\",\n  \"x-permitted-cross-domain-policies\": \"none\",\n  \"x-request-id\": \"bbcf9868-c6e8-4832-818e-7df1fc6eef42\",\n  \"x-runtime\": \"0.016577\",\n  \"x-xss-protection\": \"0\",\n  \"cf-cache-status\": \"DYNAMIC\",\n  \"nel\": \"{\\\"report_to\\\":\\\"cf-nel\\\",\\\"success_fraction\\\":0.0,\\\"max_age\\\":604800}\",\n  \"report-to\": \"{\\\"group\\\":\\\"cf-nel\\\",\\\"max_age\\\":604800,\\\"endpoints\\\":[{\\\"url\\\":\\\"https://a.nel.cloudflare.com/report/v4?s=8d1rX%2FRjMWbghlBbb7LeVvu64no3gmgc7sqtkTmfMMGoiRQTEOw3uGgAFPwkzWDU14SU6f9va6xs1EojQb6emSov6Acf%2F%2BfJ2%2BF15g%3D%3D\\\"}]}\",\n  \"content-encoding\": \"gzip\",\n  \"server\": \"cloudflare\",\n  \"cf-ray\": \"954baeea98a94b73-ADD\",\n  \"alt-svc\": \"h3=\\\":443\\\"; ma=86400\"\n}\nBody: {\n  \"message\": \"Resource not found\"\n}\n\n\nhttps://on.cypress.io/request",
                    "estack": "CypressError: `cy.request()` failed on:\n\nhttps://gorest.co.in/public/v2/users/undefined\n\nThe response we received from your web server was:\n\n  > 404: Not Found\n\nThis was considered a failure because the status code was not `2xx` or `3xx`.\n\nIf you do not want status codes to cause failures pass the option: `failOnStatusCode: false`\n\n-----------------------------------------------------------\n\nThe request we sent was:\n\nMethod: GET\nURL: https://gorest.co.in/public/v2/users/undefined\nHeaders: {\n  \"Connection\": \"keep-alive\",\n  \"authorization\": \"Bearer \",\n  \"user-agent\": \"Mozilla/5.0 (Windows NT 10.0; Win64; x64) AppleWebKit/537.36 (KHTML, like Gecko) Cypress/14.4.1 Chrome/130.0.6723.137 Electron/33.2.1 Safari/537.36\",\n  \"accept\": \"*/*\",\n  \"accept-encoding\": \"gzip, deflate\"\n}\n\n-----------------------------------------------------------\n\nThe response we got was:\n\nStatus: 404 - Not Found\nHeaders: {\n  \"date\": \"Tue, 24 Jun 2025 10:53:46 GMT\",\n  \"content-type\": \"application/json; charset=utf-8\",\n  \"transfer-encoding\": \"chunked\",\n  \"connection\": \"keep-alive\",\n  \"cache-control\": \"no-cache\",\n  \"feature-policy\": \"camera 'none'; gyroscope 'none'; microphone 'none'; usb 'none'; fullscreen 'self'\",\n  \"referrer-policy\": \"strict-origin-when-cross-origin\",\n  \"vary\": \"Origin\",\n  \"x-content-type-options\": \"nosniff\",\n  \"x-download-options\": \"noopen\",\n  \"x-frame-options\": \"SAMEORIGIN\",\n  \"x-permitted-cross-domain-policies\": \"none\",\n  \"x-request-id\": \"bbcf9868-c6e8-4832-818e-7df1fc6eef42\",\n  \"x-runtime\": \"0.016577\",\n  \"x-xss-protection\": \"0\",\n  \"cf-cache-status\": \"DYNAMIC\",\n  \"nel\": \"{\\\"report_to\\\":\\\"cf-nel\\\",\\\"success_fraction\\\":0.0,\\\"max_age\\\":604800}\",\n  \"report-to\": \"{\\\"group\\\":\\\"cf-nel\\\",\\\"max_age\\\":604800,\\\"endpoints\\\":[{\\\"url\\\":\\\"https://a.nel.cloudflare.com/report/v4?s=8d1rX%2FRjMWbghlBbb7LeVvu64no3gmgc7sqtkTmfMMGoiRQTEOw3uGgAFPwkzWDU14SU6f9va6xs1EojQb6emSov6Acf%2F%2BfJ2%2BF15g%3D%3D\\\"}]}\",\n  \"content-encoding\": \"gzip\",\n  \"server\": \"cloudflare\",\n  \"cf-ray\": \"954baeea98a94b73-ADD\",\n  \"alt-svc\": \"h3=\\\":443\\\"; ma=86400\"\n}\nBody: {\n  \"message\": \"Resource not found\"\n}\n\n\nhttps://on.cypress.io/request\n    at <unknown> (https://gorest.co.in/__cypress/runner/cypress_runner.js:136322:72)\n    at tryCatcher (https://gorest.co.in/__cypress/runner/cypress_runner.js:1777:23)\n    at Promise._settlePromiseFromHandler (https://gorest.co.in/__cypress/runner/cypress_runner.js:1489:31)\n    at Promise._settlePromise (https://gorest.co.in/__cypress/runner/cypress_runner.js:1546:18)\n    at Promise._settlePromise0 (https://gorest.co.in/__cypress/runner/cypress_runner.js:1591:10)\n    at Promise._settlePromises (https://gorest.co.in/__cypress/runner/cypress_runner.js:1671:18)\n    at _drainQueueStep (https://gorest.co.in/__cypress/runner/cypress_runner.js:2377:12)\n    at _drainQueue (https://gorest.co.in/__cypress/runner/cypress_runner.js:2370:9)\n    at Async._drainQueues (https://gorest.co.in/__cypress/runner/cypress_runner.js:2386:5)\n    at Async.drainQueues (https://gorest.co.in/__cypress/runner/cypress_runner.js:2256:14)\nFrom Your Spec Code:\n    at Context.eval (webpack://api-testing-cypress/./cypress/e2e/test_crud.cy.js:37:9)",
                    "diff": null
                  },
                  "uuid": "f93ad925-e259-4baa-9d2c-6e4ef29bd52b",
                  "parentUUID": "9805ba7b-a7fb-459f-9a30-f6e50e541288",
                  "isHook": false,
                  "skipped": false
                }
              ],
              "suites": [],
              "passes": [],
              "failures": [
                "f93ad925-e259-4baa-9d2c-6e4ef29bd52b"
              ],
              "pending": [],
              "skipped": [],
              "duration": 478,
              "root": false,
              "rootEmpty": false,
              "_timeout": 2000
            }
          ],
          "passes": [],
          "failures": [],
          "pending": [],
          "skipped": [],
          "duration": 0,
          "root": false,
          "rootEmpty": false,
          "_timeout": 2000
        },
        {
          "uuid": "57b53fb5-6910-473f-8336-b1f82e0f75c2",
          "title": "Update user details",
          "fullFile": "",
          "file": "",
          "beforeHooks": [],
          "afterHooks": [],
          "tests": [],
          "suites": [
            {
              "uuid": "f7a8c718-40fb-4e4d-8683-4ae6107269ab",
              "title": "PUT /public/v2/users/${userId}",
              "fullFile": "",
              "file": "",
              "beforeHooks": [],
              "afterHooks": [],
              "tests": [
                {
                  "title": "Test PUT request",
                  "fullTitle": "Update user details PUT /public/v2/users/${userId} Test PUT request",
                  "timedOut": null,
                  "duration": 607,
                  "state": "failed",
                  "speed": null,
                  "pass": false,
                  "fail": true,
                  "pending": false,
                  "context": null,
                  "code": "cy.request({\n  method: \"PUT\",\n  url: `/public/v2/users/${userId}`,\n  headers: {\n    authorization: \"Bearer \" + Cypress.env(\"ACCESS_TOKEN\") // Generate access token from https://gorest.co.in/consumer/login and add the same to cypress.env.json\n  },\n  body: {\n    name: \"Updated Name\",\n    gender: \"male\",\n    email: \"updatedemail@domain.com\",\n    status: \"active\"\n  }\n}).then(response => {\n  expect(response).to.have.property(\"status\").to.equal(200);\n  expect(response.body).to.have.property(\"name\").to.equal(\"Updated Name\");\n  expect(response.body).to.have.property(\"email\").to.equal(\"updatedemail@domain.com\");\n  cy.task(\"log\", \"Updated user with id: \" + userId);\n});",
                  "err": {
                    "message": "CypressError: `cy.request()` failed on:\n\nhttps://gorest.co.in/public/v2/users/undefined\n\nThe response we received from your web server was:\n\n  > 404: Not Found\n\nThis was considered a failure because the status code was not `2xx` or `3xx`.\n\nIf you do not want status codes to cause failures pass the option: `failOnStatusCode: false`\n\n-----------------------------------------------------------\n\nThe request we sent was:\n\nMethod: PUT\nURL: https://gorest.co.in/public/v2/users/undefined\nHeaders: {\n  \"Connection\": \"keep-alive\",\n  \"authorization\": \"Bearer \",\n  \"user-agent\": \"Mozilla/5.0 (Windows NT 10.0; Win64; x64) AppleWebKit/537.36 (KHTML, like Gecko) Cypress/14.4.1 Chrome/130.0.6723.137 Electron/33.2.1 Safari/537.36\",\n  \"accept\": \"*/*\",\n  \"accept-encoding\": \"gzip, deflate\",\n  \"content-type\": \"application/json\",\n  \"content-length\": 91\n}\nBody: {\"name\":\"Updated Name\",\"gender\":\"male\",\"email\":\"updatedemail@domain.com\",\"status\":\"active\"}\n\n-----------------------------------------------------------\n\nThe response we got was:\n\nStatus: 404 - Not Found\nHeaders: {\n  \"date\": \"Tue, 24 Jun 2025 10:53:46 GMT\",\n  \"content-type\": \"application/json; charset=utf-8\",\n  \"transfer-encoding\": \"chunked\",\n  \"connection\": \"keep-alive\",\n  \"cache-control\": \"no-cache\",\n  \"feature-policy\": \"camera 'none'; gyroscope 'none'; microphone 'none'; usb 'none'; fullscreen 'self'\",\n  \"referrer-policy\": \"strict-origin-when-cross-origin\",\n  \"vary\": \"Origin\",\n  \"x-content-type-options\": \"nosniff\",\n  \"x-download-options\": \"noopen\",\n  \"x-frame-options\": \"SAMEORIGIN\",\n  \"x-permitted-cross-domain-policies\": \"none\",\n  \"x-request-id\": \"8afb9bb8-5bd9-47c4-9ce7-9a6b259748c9\",\n  \"x-runtime\": \"0.016964\",\n  \"x-xss-protection\": \"0\",\n  \"cf-cache-status\": \"DYNAMIC\",\n  \"nel\": \"{\\\"report_to\\\":\\\"cf-nel\\\",\\\"success_fraction\\\":0.0,\\\"max_age\\\":604800}\",\n  \"report-to\": \"{\\\"group\\\":\\\"cf-nel\\\",\\\"max_age\\\":604800,\\\"endpoints\\\":[{\\\"url\\\":\\\"https://a.nel.cloudflare.com/report/v4?s=6GOkpI8w9xukyKCq0GBQAxzURQAaxwBll6hKwJZ57QhKCrpYOclYVMAXWza0dKxD05rYYQtpxS%2Fl2JEe3PceVac5tJjdSdEUy2b8%2Bg%3D%3D\\\"}]}\",\n  \"content-encoding\": \"gzip\",\n  \"server\": \"cloudflare\",\n  \"cf-ray\": \"954baeee7d144b73-ADD\",\n  \"alt-svc\": \"h3=\\\":443\\\"; ma=86400\"\n}\nBody: {\n  \"message\": \"Resource not found\"\n}\n\n\nhttps://on.cypress.io/request",
                    "estack": "CypressError: `cy.request()` failed on:\n\nhttps://gorest.co.in/public/v2/users/undefined\n\nThe response we received from your web server was:\n\n  > 404: Not Found\n\nThis was considered a failure because the status code was not `2xx` or `3xx`.\n\nIf you do not want status codes to cause failures pass the option: `failOnStatusCode: false`\n\n-----------------------------------------------------------\n\nThe request we sent was:\n\nMethod: PUT\nURL: https://gorest.co.in/public/v2/users/undefined\nHeaders: {\n  \"Connection\": \"keep-alive\",\n  \"authorization\": \"Bearer \",\n  \"user-agent\": \"Mozilla/5.0 (Windows NT 10.0; Win64; x64) AppleWebKit/537.36 (KHTML, like Gecko) Cypress/14.4.1 Chrome/130.0.6723.137 Electron/33.2.1 Safari/537.36\",\n  \"accept\": \"*/*\",\n  \"accept-encoding\": \"gzip, deflate\",\n  \"content-type\": \"application/json\",\n  \"content-length\": 91\n}\nBody: {\"name\":\"Updated Name\",\"gender\":\"male\",\"email\":\"updatedemail@domain.com\",\"status\":\"active\"}\n\n-----------------------------------------------------------\n\nThe response we got was:\n\nStatus: 404 - Not Found\nHeaders: {\n  \"date\": \"Tue, 24 Jun 2025 10:53:46 GMT\",\n  \"content-type\": \"application/json; charset=utf-8\",\n  \"transfer-encoding\": \"chunked\",\n  \"connection\": \"keep-alive\",\n  \"cache-control\": \"no-cache\",\n  \"feature-policy\": \"camera 'none'; gyroscope 'none'; microphone 'none'; usb 'none'; fullscreen 'self'\",\n  \"referrer-policy\": \"strict-origin-when-cross-origin\",\n  \"vary\": \"Origin\",\n  \"x-content-type-options\": \"nosniff\",\n  \"x-download-options\": \"noopen\",\n  \"x-frame-options\": \"SAMEORIGIN\",\n  \"x-permitted-cross-domain-policies\": \"none\",\n  \"x-request-id\": \"8afb9bb8-5bd9-47c4-9ce7-9a6b259748c9\",\n  \"x-runtime\": \"0.016964\",\n  \"x-xss-protection\": \"0\",\n  \"cf-cache-status\": \"DYNAMIC\",\n  \"nel\": \"{\\\"report_to\\\":\\\"cf-nel\\\",\\\"success_fraction\\\":0.0,\\\"max_age\\\":604800}\",\n  \"report-to\": \"{\\\"group\\\":\\\"cf-nel\\\",\\\"max_age\\\":604800,\\\"endpoints\\\":[{\\\"url\\\":\\\"https://a.nel.cloudflare.com/report/v4?s=6GOkpI8w9xukyKCq0GBQAxzURQAaxwBll6hKwJZ57QhKCrpYOclYVMAXWza0dKxD05rYYQtpxS%2Fl2JEe3PceVac5tJjdSdEUy2b8%2Bg%3D%3D\\\"}]}\",\n  \"content-encoding\": \"gzip\",\n  \"server\": \"cloudflare\",\n  \"cf-ray\": \"954baeee7d144b73-ADD\",\n  \"alt-svc\": \"h3=\\\":443\\\"; ma=86400\"\n}\nBody: {\n  \"message\": \"Resource not found\"\n}\n\n\nhttps://on.cypress.io/request\n    at <unknown> (https://gorest.co.in/__cypress/runner/cypress_runner.js:136322:72)\n    at tryCatcher (https://gorest.co.in/__cypress/runner/cypress_runner.js:1777:23)\n    at Promise._settlePromiseFromHandler (https://gorest.co.in/__cypress/runner/cypress_runner.js:1489:31)\n    at Promise._settlePromise (https://gorest.co.in/__cypress/runner/cypress_runner.js:1546:18)\n    at Promise._settlePromise0 (https://gorest.co.in/__cypress/runner/cypress_runner.js:1591:10)\n    at Promise._settlePromises (https://gorest.co.in/__cypress/runner/cypress_runner.js:1671:18)\n    at _drainQueueStep (https://gorest.co.in/__cypress/runner/cypress_runner.js:2377:12)\n    at _drainQueue (https://gorest.co.in/__cypress/runner/cypress_runner.js:2370:9)\n    at Async._drainQueues (https://gorest.co.in/__cypress/runner/cypress_runner.js:2386:5)\n    at Async.drainQueues (https://gorest.co.in/__cypress/runner/cypress_runner.js:2256:14)\nFrom Your Spec Code:\n    at Context.eval (webpack://api-testing-cypress/./cypress/e2e/test_crud.cy.js:56:9)",
                    "diff": null
                  },
                  "uuid": "37227718-4c34-492f-93ad-62d685dc4618",
                  "parentUUID": "f7a8c718-40fb-4e4d-8683-4ae6107269ab",
                  "isHook": false,
                  "skipped": false
                }
              ],
              "suites": [],
              "passes": [],
              "failures": [
                "37227718-4c34-492f-93ad-62d685dc4618"
              ],
              "pending": [],
              "skipped": [],
              "duration": 607,
              "root": false,
              "rootEmpty": false,
              "_timeout": 2000
            }
          ],
          "passes": [],
          "failures": [],
          "pending": [],
          "skipped": [],
          "duration": 0,
          "root": false,
          "rootEmpty": false,
          "_timeout": 2000
        },
        {
          "uuid": "2048c0ff-fc30-46ac-abc4-1604954c8143",
          "title": "Delete user",
          "fullFile": "",
          "file": "",
          "beforeHooks": [],
          "afterHooks": [],
          "tests": [],
          "suites": [
            {
              "uuid": "bc8c1f63-2724-4e7b-801b-e73cf449c757",
              "title": "DELETE /public/v2/users/${userId}",
              "fullFile": "",
              "file": "",
              "beforeHooks": [],
              "afterHooks": [],
              "tests": [
                {
                  "title": "Test DELETE request",
                  "fullTitle": "Delete user DELETE /public/v2/users/${userId} Test DELETE request",
                  "timedOut": null,
                  "duration": 542,
                  "state": "failed",
                  "speed": null,
                  "pass": false,
                  "fail": true,
                  "pending": false,
                  "context": null,
                  "code": "cy.request({\n  method: \"DELETE\",\n  url: `/public/v2/users/${userId}`,\n  headers: {\n    authorization: \"Bearer \" + Cypress.env(\"ACCESS_TOKEN\") // Generate access token from https://gorest.co.in/consumer/login and add the same to cypress.env.json\n  }\n}).then(response => {\n  expect(response).to.have.property(\"status\").to.equal(204);\n  expect(response.body).to.be.empty;\n  cy.task(\"log\", \"Deleted user with id: \" + userId);\n});",
                  "err": {
                    "message": "CypressError: `cy.request()` failed on:\n\nhttps://gorest.co.in/public/v2/users/undefined\n\nThe response we received from your web server was:\n\n  > 404: Not Found\n\nThis was considered a failure because the status code was not `2xx` or `3xx`.\n\nIf you do not want status codes to cause failures pass the option: `failOnStatusCode: false`\n\n-----------------------------------------------------------\n\nThe request we sent was:\n\nMethod: DELETE\nURL: https://gorest.co.in/public/v2/users/undefined\nHeaders: {\n  \"Connection\": \"keep-alive\",\n  \"authorization\": \"Bearer \",\n  \"user-agent\": \"Mozilla/5.0 (Windows NT 10.0; Win64; x64) AppleWebKit/537.36 (KHTML, like Gecko) Cypress/14.4.1 Chrome/130.0.6723.137 Electron/33.2.1 Safari/537.36\",\n  \"accept\": \"*/*\",\n  \"accept-encoding\": \"gzip, deflate\",\n  \"content-length\": 0\n}\n\n-----------------------------------------------------------\n\nThe response we got was:\n\nStatus: 404 - Not Found\nHeaders: {\n  \"date\": \"Tue, 24 Jun 2025 10:53:47 GMT\",\n  \"content-type\": \"application/json; charset=utf-8\",\n  \"transfer-encoding\": \"chunked\",\n  \"connection\": \"keep-alive\",\n  \"cache-control\": \"no-cache\",\n  \"feature-policy\": \"camera 'none'; gyroscope 'none'; microphone 'none'; usb 'none'; fullscreen 'self'\",\n  \"referrer-policy\": \"strict-origin-when-cross-origin\",\n  \"vary\": \"Origin\",\n  \"x-content-type-options\": \"nosniff\",\n  \"x-download-options\": \"noopen\",\n  \"x-frame-options\": \"SAMEORIGIN\",\n  \"x-permitted-cross-domain-policies\": \"none\",\n  \"x-request-id\": \"6b8634ad-d251-4c75-b1c4-8a593d5e960d\",\n  \"x-runtime\": \"0.014632\",\n  \"x-xss-protection\": \"0\",\n  \"cf-cache-status\": \"DYNAMIC\",\n  \"nel\": \"{\\\"report_to\\\":\\\"cf-nel\\\",\\\"success_fraction\\\":0.0,\\\"max_age\\\":604800}\",\n  \"report-to\": \"{\\\"group\\\":\\\"cf-nel\\\",\\\"max_age\\\":604800,\\\"endpoints\\\":[{\\\"url\\\":\\\"https://a.nel.cloudflare.com/report/v4?s=GZhUVRL1%2FMR16GArfi2RG2cvKq8zvwIpR7TF9H0ChSt8mV0QGhE4Of7vYkUGPq3b3MXaAT5W1u2PMDsiulsNOMAzGqmNaCW%2ByTUBwA%3D%3D\\\"}]}\",\n  \"content-encoding\": \"gzip\",\n  \"server\": \"cloudflare\",\n  \"cf-ray\": \"954baef2da804b73-ADD\",\n  \"alt-svc\": \"h3=\\\":443\\\"; ma=86400\"\n}\nBody: {\n  \"message\": \"Resource not found\"\n}\n\n\nhttps://on.cypress.io/request",
                    "estack": "CypressError: `cy.request()` failed on:\n\nhttps://gorest.co.in/public/v2/users/undefined\n\nThe response we received from your web server was:\n\n  > 404: Not Found\n\nThis was considered a failure because the status code was not `2xx` or `3xx`.\n\nIf you do not want status codes to cause failures pass the option: `failOnStatusCode: false`\n\n-----------------------------------------------------------\n\nThe request we sent was:\n\nMethod: DELETE\nURL: https://gorest.co.in/public/v2/users/undefined\nHeaders: {\n  \"Connection\": \"keep-alive\",\n  \"authorization\": \"Bearer \",\n  \"user-agent\": \"Mozilla/5.0 (Windows NT 10.0; Win64; x64) AppleWebKit/537.36 (KHTML, like Gecko) Cypress/14.4.1 Chrome/130.0.6723.137 Electron/33.2.1 Safari/537.36\",\n  \"accept\": \"*/*\",\n  \"accept-encoding\": \"gzip, deflate\",\n  \"content-length\": 0\n}\n\n-----------------------------------------------------------\n\nThe response we got was:\n\nStatus: 404 - Not Found\nHeaders: {\n  \"date\": \"Tue, 24 Jun 2025 10:53:47 GMT\",\n  \"content-type\": \"application/json; charset=utf-8\",\n  \"transfer-encoding\": \"chunked\",\n  \"connection\": \"keep-alive\",\n  \"cache-control\": \"no-cache\",\n  \"feature-policy\": \"camera 'none'; gyroscope 'none'; microphone 'none'; usb 'none'; fullscreen 'self'\",\n  \"referrer-policy\": \"strict-origin-when-cross-origin\",\n  \"vary\": \"Origin\",\n  \"x-content-type-options\": \"nosniff\",\n  \"x-download-options\": \"noopen\",\n  \"x-frame-options\": \"SAMEORIGIN\",\n  \"x-permitted-cross-domain-policies\": \"none\",\n  \"x-request-id\": \"6b8634ad-d251-4c75-b1c4-8a593d5e960d\",\n  \"x-runtime\": \"0.014632\",\n  \"x-xss-protection\": \"0\",\n  \"cf-cache-status\": \"DYNAMIC\",\n  \"nel\": \"{\\\"report_to\\\":\\\"cf-nel\\\",\\\"success_fraction\\\":0.0,\\\"max_age\\\":604800}\",\n  \"report-to\": \"{\\\"group\\\":\\\"cf-nel\\\",\\\"max_age\\\":604800,\\\"endpoints\\\":[{\\\"url\\\":\\\"https://a.nel.cloudflare.com/report/v4?s=GZhUVRL1%2FMR16GArfi2RG2cvKq8zvwIpR7TF9H0ChSt8mV0QGhE4Of7vYkUGPq3b3MXaAT5W1u2PMDsiulsNOMAzGqmNaCW%2ByTUBwA%3D%3D\\\"}]}\",\n  \"content-encoding\": \"gzip\",\n  \"server\": \"cloudflare\",\n  \"cf-ray\": \"954baef2da804b73-ADD\",\n  \"alt-svc\": \"h3=\\\":443\\\"; ma=86400\"\n}\nBody: {\n  \"message\": \"Resource not found\"\n}\n\n\nhttps://on.cypress.io/request\n    at <unknown> (https://gorest.co.in/__cypress/runner/cypress_runner.js:136322:72)\n    at tryCatcher (https://gorest.co.in/__cypress/runner/cypress_runner.js:1777:23)\n    at Promise._settlePromiseFromHandler (https://gorest.co.in/__cypress/runner/cypress_runner.js:1489:31)\n    at Promise._settlePromise (https://gorest.co.in/__cypress/runner/cypress_runner.js:1546:18)\n    at Promise._settlePromise0 (https://gorest.co.in/__cypress/runner/cypress_runner.js:1591:10)\n    at Promise._settlePromises (https://gorest.co.in/__cypress/runner/cypress_runner.js:1671:18)\n    at _drainQueueStep (https://gorest.co.in/__cypress/runner/cypress_runner.js:2377:12)\n    at _drainQueue (https://gorest.co.in/__cypress/runner/cypress_runner.js:2370:9)\n    at Async._drainQueues (https://gorest.co.in/__cypress/runner/cypress_runner.js:2386:5)\n    at Async.drainQueues (https://gorest.co.in/__cypress/runner/cypress_runner.js:2256:14)\nFrom Your Spec Code:\n    at Context.eval (webpack://api-testing-cypress/./cypress/e2e/test_crud.cy.js:83:9)",
                    "diff": null
                  },
                  "uuid": "ca825951-b260-4237-81dd-be5c6d363fae",
                  "parentUUID": "bc8c1f63-2724-4e7b-801b-e73cf449c757",
                  "isHook": false,
                  "skipped": false
                }
              ],
              "suites": [],
              "passes": [],
              "failures": [
                "ca825951-b260-4237-81dd-be5c6d363fae"
              ],
              "pending": [],
              "skipped": [],
              "duration": 542,
              "root": false,
              "rootEmpty": false,
              "_timeout": 2000
            }
          ],
          "passes": [],
          "failures": [],
          "pending": [],
          "skipped": [],
          "duration": 0,
          "root": false,
          "rootEmpty": false,
          "_timeout": 2000
        }
      ],
      "passes": [],
      "failures": [],
      "pending": [],
      "skipped": [],
      "duration": 0,
      "root": true,
      "rootEmpty": true,
      "_timeout": 2000
    }
  ],
  "meta": {
    "mocha": {
      "version": "7.2.0"
    },
    "mochawesome": {
      "options": {
        "quiet": false,
        "reportFilename": "mochawesome",
        "saveHtml": false,
        "saveJson": true,
        "consoleReporter": "spec",
        "useInlineDiffs": false,
        "code": true
      },
      "version": "7.1.3"
    },
    "marge": {
      "options": {
        "id": "default",
        "reportDir": "cypress/reports/json",
        "overwrite": false,
        "html": false,
        "json": true
      },
      "version": "6.2.0"
    }
  }
}