{
  "stats": {
    "suites": 1,
    "tests": 1,
    "passes": 1,
    "pending": 0,
    "failures": 0,
    "start": "2025-06-17T11:07:31.106Z",
    "end": "2025-06-17T11:07:32.120Z",
    "duration": 1014,
    "testsRegistered": 1,
    "passPercent": 100,
    "pendingPercent": 0,
    "other": 0,
    "hasOther": false,
    "skipped": 0,
    "hasSkipped": false
  },
  "results": [
    {
      "uuid": "bbd773cf-9fac-47af-80e7-6b7a85d32c3c",
      "title": "",
      "fullFile": "cypress\\e2e\\gorest_api.cy.js",
      "file": "cypress\\e2e\\gorest_api.cy.js",
      "beforeHooks": [],
      "afterHooks": [],
      "tests": [],
      "suites": [
        {
          "uuid": "a463c71e-ed59-4251-9ebc-0f5f718fce90",
          "title": "GoRest API Testing - POST Request",
          "fullFile": "",
          "file": "",
          "beforeHooks": [],
          "afterHooks": [],
          "tests": [
            {
              "title": "Should create a new user",
              "fullTitle": "GoRest API Testing - POST Request Should create a new user",
              "timedOut": null,
              "duration": 990,
              "state": "passed",
              "speed": "fast",
              "pass": true,
              "fail": false,
              "pending": false,
              "context": null,
              "code": "cy.request({\n  method: 'POST',\n  url: 'https://gorest.co.in/public/v2/users',\n  headers: {\n    'Authorization': `Bearer ${testData.token}`,\n    'Content-Type': 'application/json'\n  },\n  body: {\n    name: testData.user.name,\n    email: testData.user.email,\n    gender: testData.user.gender,\n    status: testData.user.status\n  }\n}).then(response => {\n  expect(response.status).to.eq(201);\n  expect(response.body).to.have.property('id');\n  expect(response.body.name).to.eq(testData.user.name);\n  expect(response.body.email).to.eq(testData.user.email);\n});",
              "err": {},
              "uuid": "c997bb95-28b0-4d15-b792-9ec3b6376ca2",
              "parentUUID": "a463c71e-ed59-4251-9ebc-0f5f718fce90",
              "isHook": false,
              "skipped": false
            }
          ],
          "suites": [],
          "passes": [
            "c997bb95-28b0-4d15-b792-9ec3b6376ca2"
          ],
          "failures": [],
          "pending": [],
          "skipped": [],
          "duration": 990,
          "root": false,
          "rootEmpty": false,
          "_timeout": 2000
        }
      ],
      "passes": [],
      "failures": [],
      "pending": [],
      "skipped": [],
      "duration": 0,
      "root": true,
      "rootEmpty": true,
      "_timeout": 2000
    }
  ],
  "meta": {
    "mocha": {
      "version": "7.2.0"
    },
    "mochawesome": {
      "options": {
        "quiet": false,
        "reportFilename": "mochawesome",
        "saveHtml": false,
        "saveJson": true,
        "consoleReporter": "spec",
        "useInlineDiffs": false,
        "code": true
      },
      "version": "7.1.3"
    },
    "marge": {
      "options": {
        "id": "default",
        "reportDir": "cypress/reports/json",
        "overwrite": false,
        "html": false,
        "json": true
      },
      "version": "6.2.0"
    }
  }
}