{
  "stats": {
    "suites": 1,
    "tests": 1,
    "passes": 1,
    "pending": 0,
    "failures": 0,
    "start": "2025-06-24T11:24:14.197Z",
    "end": "2025-06-24T11:24:14.972Z",
    "duration": 775,
    "testsRegistered": 1,
    "passPercent": 100,
    "pendingPercent": 0,
    "other": 0,
    "hasOther": false,
    "skipped": 0,
    "hasSkipped": false
  },
  "results": [
    {
      "uuid": "1d836cc5-770b-42c6-8fd9-0c51efa11bf7",
      "title": "",
      "fullFile": "cypress\\e2e\\Etech_api.cy.js",
      "file": "cypress\\e2e\\Etech_api.cy.js",
      "beforeHooks": [],
      "afterHooks": [],
      "tests": [],
      "suites": [
        {
          "uuid": "e2b8e094-1a9b-4f67-828f-767940ba37af",
          "title": "GoRest API Testing - POST Request",
          "fullFile": "",
          "file": "",
          "beforeHooks": [],
          "afterHooks": [],
          "tests": [
            {
              "title": "Should create a new user",
              "fullTitle": "GoRest API Testing - POST Request Should create a new user",
              "timedOut": null,
              "duration": 755,
              "state": "passed",
              "speed": "fast",
              "pass": true,
              "fail": false,
              "pending": false,
              "context": null,
              "code": "cy.request({\n  method: \"POST\",\n  url: \"https://gorest.co.in/public/v2/users\",\n  headers: {\n    Authorization: `Bearer ${testData.token}`,\n    \"Content-Type\": \"application/json\"\n  },\n  body: {\n    name: testData.user.name,\n    email: testData.user.email,\n    gender: testData.user.gender,\n    status: testData.user.status\n  }\n}).then(response => {\n  expect(response.status).to.eq(201);\n  expect(response.body).to.have.property(\"id\");\n  expect(response.body.name).to.eq(testData.user.name);\n  expect(response.body.email).to.eq(testData.user.email);\n});",
              "err": {},
              "uuid": "675f983b-1578-4af8-9c96-2c216386f18b",
              "parentUUID": "e2b8e094-1a9b-4f67-828f-767940ba37af",
              "isHook": false,
              "skipped": false
            }
          ],
          "suites": [],
          "passes": [
            "675f983b-1578-4af8-9c96-2c216386f18b"
          ],
          "failures": [],
          "pending": [],
          "skipped": [],
          "duration": 755,
          "root": false,
          "rootEmpty": false,
          "_timeout": 2000
        }
      ],
      "passes": [],
      "failures": [],
      "pending": [],
      "skipped": [],
      "duration": 0,
      "root": true,
      "rootEmpty": true,
      "_timeout": 2000
    }
  ],
  "meta": {
    "mocha": {
      "version": "7.2.0"
    },
    "mochawesome": {
      "options": {
        "quiet": false,
        "reportFilename": "mochawesome",
        "saveHtml": false,
        "saveJson": true,
        "consoleReporter": "spec",
        "useInlineDiffs": false,
        "code": true
      },
      "version": "7.1.3"
    },
    "marge": {
      "options": {
        "id": "default",
        "reportDir": "cypress/reports/json",
        "overwrite": false,
        "html": false,
        "json": true
      },
      "version": "6.2.0"
    }
  }
}